<?xml version="1.0" encoding="UTF-8"?>
<!-- Generated by org.testng.reporters.JUnitXMLReporter -->
<testsuite hostname="DESKTOP-HR4M3O5" name="demo" tests="4" failures="3" timestamp="6 Jun 2019 14:43:09 GMT" time="0.245" errors="0">
  <testcase name="xmlDemo" time="0.126" classname="test.testNGXML"/>
  <testcase name="testBoolean" time="0.013" classname="test.ExamNG">
    <failure type="java.lang.AssertionError" message="log a boolean defect expected [true] but found [false]">
      <![CDATA[java.lang.AssertionError: log a boolean defect expected [true] but found [false]
	at test.ExamNG.testBoolean(ExamNG.java:17)
... Removed 27 stack frames]]>
    </failure>
  </testcase> <!-- testBoolean -->
  <testcase name="testEquals" time="0.003" classname="test.ExamNG">
    <failure type="java.lang.AssertionError" message="log a equals defect expected [expected] but found [actual]">
      <![CDATA[java.lang.AssertionError: log a equals defect expected [expected] but found [actual]
	at test.ExamNG.testEquals(ExamNG.java:11)
... Removed 29 stack frames]]>
    </failure>
  </testcase> <!-- testEquals -->
  <testcase name="testSoft" time="0.011" classname="test.ExamNG">
    <failure type="java.lang.AssertionError" message="The following asserts failed:
	expected [log a soft defect] but found [false]">
      <![CDATA[java.lang.AssertionError: The following asserts failed:
	expected [log a soft defect] but found [false]
	at test.ExamNG.testSoft(ExamNG.java:26)
... Removed 25 stack frames]]>
    </failure>
  </testcase> <!-- testSoft -->
</testsuite> <!-- demo -->
