<?xml version="1.0" encoding="UTF-8"?>
<!-- Generated by org.testng.reporters.JUnitXMLReporter -->
<testsuite hostname="DESKTOP-HR4M3O5" name="test1" tests="3" failures="0" timestamp="22 Jun 2019 12:47:22 GMT" time="67.662" errors="0">
  <testcase name="executeSessionTwo" time="65.381" classname="session_demo.TestMultipleSession"/>
  <testcase name="executSessionThree" time="65.569" classname="session_demo.TestMultipleSession"/>
  <testcase name="executSessionOne" time="67.594" classname="session_demo.TestMultipleSession"/>
</testsuite> <!-- test1 -->
