<?xml version="1.0" encoding="UTF-8"?>
<!-- Generated by org.testng.reporters.JUnitXMLReporter -->
<testsuite hostname="DESKTOP-HR4M3O5" name="Test" tests="2" failures="1" timestamp="5 Jun 2019 17:45:55 GMT" time="13.156" errors="0">
  <testcase name="GoogleTitleVerify" time="13.103" classname="test.TestNGListenerDemo"/>
  <testcase name="scenario1" time="0.015" classname="test.TestNGListenerDemo">
    <failure type="java.lang.AssertionError" message="expected [true] but found [false]">
      <![CDATA[java.lang.AssertionError: expected [true] but found [false]
	at test.TestNGListenerDemo.scenario1(TestNGListenerDemo.java:26)
... Removed 28 stack frames]]>
    </failure>
  </testcase> <!-- scenario1 -->
</testsuite> <!-- Test -->
